<?xml version="1.0" encoding="utf-8"?><testsuites name="pytest tests"><testsuite name="pytest" errors="0" failures="2" skipped="0" tests="68" time="15.027" timestamp="2026-06-18T09:09:58.638949+00:00" hostname="agent-env-33fdccaf-82b1-4b72-8292-6ab8ca572a0d"><testcase classname="backend.tests.test_rama_bazaar.TestAuth" name="test_admin_login_success" time="0.477" /><testcase classname="backend.tests.test_rama_bazaar.TestAuth" name="test_admin_login_invalid" time="0.266" /><testcase classname="backend.tests.test_rama_bazaar.TestAuth" name="test_login_missing_creds" time="0.043" /><testcase classname="backend.tests.test_rama_bazaar.TestAuth" name="test_auth_me_admin" time="0.313" /><testcase classname="backend.tests.test_rama_bazaar.TestAuth" name="test_auth_me_unauthenticated" time="0.045" /><testcase classname="backend.tests.test_rama_bazaar.TestSettings" name="test_public_settings_no_secrets" time="0.044" /><testcase classname="backend.tests.test_rama_bazaar.TestSettings" name="test_admin_settings_get" time="0.048" /><testcase classname="backend.tests.test_rama_bazaar.TestSettings" name="test_admin_settings_update" time="0.130" /><testcase classname="backend.tests.test_rama_bazaar.TestVisitors" name="test_visitor_register" time="0.045" /><testcase classname="backend.tests.test_rama_bazaar.TestVisitors" name="test_visitor_duplicate" time="0.045" /><testcase classname="backend.tests.test_rama_bazaar.TestVisitors" name="test_visitor_retrieve" time="0.044" /><testcase classname="backend.tests.test_rama_bazaar.TestVisitors" name="test_visitor_retrieve_not_found" time="0.041" /><testcase classname="backend.tests.test_rama_bazaar.TestVisitors" name="test_visitor_qr_png_size" time="0.876" /><testcase classname="backend.tests.test_rama_bazaar.TestVisitors" name="test_visitor_register_invalid_mobile" time="0.044" /><testcase classname="backend.tests.test_rama_bazaar.TestMembers" name="test_add_member" time="0.044" /><testcase classname="backend.tests.test_rama_bazaar.TestMembers" name="test_member_requires_admin" time="0.041" /><testcase classname="backend.tests.test_rama_bazaar.TestMembers" name="test_list_members" time="0.043" /><testcase classname="backend.tests.test_rama_bazaar.TestMembers" name="test_bulk_upload" time="0.148" /><testcase classname="backend.tests.test_rama_bazaar.TestExhibitors" name="test_check_eligibility_ineligible" time="0.046" /><testcase classname="backend.tests.test_rama_bazaar.TestExhibitors" name="test_check_eligibility_invalid" time="0.043" /><testcase classname="backend.tests.test_rama_bazaar.TestExhibitors" name="test_check_eligibility_allowed" time="0.044" /><testcase classname="backend.tests.test_rama_bazaar.TestExhibitors" name="test_exhibitor_register" time="0.274" /><testcase classname="backend.tests.test_rama_bazaar.TestExhibitors" name="test_exhibitor_duplicate_registration" time="0.045" /><testcase classname="backend.tests.test_rama_bazaar.TestExhibitors" name="test_exhibitor_login" time="0.270" /><testcase classname="backend.tests.test_rama_bazaar.TestExhibitors" name="test_exhibitor_login_wrong_password" time="0.265" /><testcase classname="backend.tests.test_rama_bazaar.TestExhibitors" name="test_exhibitor_me_update" time="0.047" /><testcase classname="backend.tests.test_rama_bazaar.TestExhibitors" name="test_admin_approve_exhibitor" time="0.044" /><testcase classname="backend.tests.test_rama_bazaar.TestExhibitors" name="test_admin_reset_exhibitor_password" time="0.533" /><testcase classname="backend.tests.test_rama_bazaar.TestRoster" name="test_roster_returns_approved_only" time="0.044" /><testcase classname="backend.tests.test_rama_bazaar.TestRoster" name="test_roster_categories" time="0.043" /><testcase classname="backend.tests.test_rama_bazaar.TestRoster" name="test_roster_sponsors" time="0.045" /><testcase classname="backend.tests.test_rama_bazaar.TestSponsorAds" name="test_create_ad" time="0.043" /><testcase classname="backend.tests.test_rama_bazaar.TestSponsorAds" name="test_impression" time="0.044" /><testcase classname="backend.tests.test_rama_bazaar.TestSponsorAds" name="test_click" time="0.046" /><testcase classname="backend.tests.test_rama_bazaar.TestSponsorAds" name="test_update_ad" time="0.043" /><testcase classname="backend.tests.test_rama_bazaar.TestSponsorAds" name="test_admin_list_ads" time="0.083" /><testcase classname="backend.tests.test_rama_bazaar.TestSponsorAds" name="test_delete_ad" time="0.042" /><testcase classname="backend.tests.test_rama_bazaar.TestAttendance" name="test_attendance_requires_admin" time="0.042" /><testcase classname="backend.tests.test_rama_bazaar.TestAttendance" name="test_attendance_scan" time="0.126" /><testcase classname="backend.tests.test_rama_bazaar.TestAttendance" name="test_attendance_scan_invalid" time="0.043" /><testcase classname="backend.tests.test_rama_bazaar.TestAttendance" name="test_attendance_manual" time="0.088" /><testcase classname="backend.tests.test_rama_bazaar.TestAttendance" name="test_attendance_stats" time="0.047" /><testcase classname="backend.tests.test_rama_bazaar.TestAdminMisc" name="test_admin_stats" time="0.046" /><testcase classname="backend.tests.test_rama_bazaar.TestAdminMisc" name="test_export_visitors_csv" time="0.135" /><testcase classname="backend.tests.test_rama_bazaar.TestAdminMisc" name="test_export_requires_admin" time="0.096" /><testcase classname="backend.tests.test_rama_bazaar.TestAdminMisc" name="test_admin_list_visitors" time="0.043" /><testcase classname="backend.tests.test_rama_bazaar.TestUpload" name="test_upload_png_returns_api_uploads_path" time="0.216" /><testcase classname="backend.tests.test_rama_bazaar.TestUpload" name="test_legacy_uploads_path_still_works" time="0.291"><failure message="assert False&#10; +  where False = &lt;built-in method startswith of str object at 0xfdaa175f5cf0&gt;('image/')&#10; +    where &lt;built-in method startswith of str object at 0xfdaa175f5cf0&gt; = 'text/html; charset=utf-8'.startswith&#10; +      where 'text/html; charset=utf-8' = get('content-type', '')&#10; +        where get = {'Date': 'Thu, 18 Jun 2026 09:10:04 GMT', 'Content-Type': 'text/html; charset=utf-8', 'Transfer-Encoding': 'chunked', 'Connection': 'keep-alive', 'CF-Ray': 'a0d928a6ec2fe260-ORD', 'CF-Cache-Status': 'DYNAMIC', 'set-cookie': '__cf_bm=ZHMkl._izDjH0HIq1QP88OmmKFYqTqJfYAKqfg_1eMk-1781773804.628105-1.0.1.1-AmyKQwREE0Qx.SFUqCmwDszfqkf5b3KoS9jm0EzLXWlZDWZqc2V_mep8XsMEHKbmWHyNceFIHgkYedLqjgb7y1j7kEEypvIUzIvaG9iIuHs8wcAdV4yRTMKXi6z93ogN; HttpOnly; SameSite=None; Secure; Path=/; Domain=preview.emergentagent.com; Expires=Thu, 18 Jun 2026 09:40:04 GMT', 'Access-Control-Allow-Origin': '*', 'Cache-Control': 'no-store, no-cache, must-revalidate', 'X-Robots-Tag': 'noindex, nofollow', 'ETag': 'W/&quot;ba2-kq1TBDrawV8QdjUb+zV4prX55Ak&quot;', 'Server': 'cloudflare', 'Vary': 'Accept-Encoding', 'Via': '1.1 google', 'Access-Control-Max-Age': '300', 'access-control-allow-headers': '*', 'access-control-allow-methods': 'GET, POST, PUT, DELETE, OPTIONS, HEAD, PATCH', 'x-powered-by': 'Express', 'Content-Encoding': 'gzip'}.get&#10; +          where {'Date': 'Thu, 18 Jun 2026 09:10:04 GMT', 'Content-Type': 'text/html; charset=utf-8', 'Transfer-Encoding': 'chunked', 'Connection': 'keep-alive', 'CF-Ray': 'a0d928a6ec2fe260-ORD', 'CF-Cache-Status': 'DYNAMIC', 'set-cookie': '__cf_bm=ZHMkl._izDjH0HIq1QP88OmmKFYqTqJfYAKqfg_1eMk-1781773804.628105-1.0.1.1-AmyKQwREE0Qx.SFUqCmwDszfqkf5b3KoS9jm0EzLXWlZDWZqc2V_mep8XsMEHKbmWHyNceFIHgkYedLqjgb7y1j7kEEypvIUzIvaG9iIuHs8wcAdV4yRTMKXi6z93ogN; HttpOnly; SameSite=None; Secure; Path=/; Domain=preview.emergentagent.com; Expires=Thu, 18 Jun 2026 09:40:04 GMT', 'Access-Control-Allow-Origin': '*', 'Cache-Control': 'no-store, no-cache, must-revalidate', 'X-Robots-Tag': 'noindex, nofollow', 'ETag': 'W/&quot;ba2-kq1TBDrawV8QdjUb+zV4prX55Ak&quot;', 'Server': 'cloudflare', 'Vary': 'Accept-Encoding', 'Via': '1.1 google', 'Access-Control-Max-Age': '300', 'access-control-allow-headers': '*', 'access-control-allow-methods': 'GET, POST, PUT, DELETE, OPTIONS, HEAD, PATCH', 'x-powered-by': 'Express', 'Content-Encoding': 'gzip'} = &lt;Response [200]&gt;.headers">E   assert False
     +  where False = &lt;built-in method startswith of str object at 0xfdaa175f5cf0&gt;('image/')
     +    where &lt;built-in method startswith of str object at 0xfdaa175f5cf0&gt; = 'text/html; charset=utf-8'.startswith
     +      where 'text/html; charset=utf-8' = get('content-type', '')
     +        where get = {'Date': 'Thu, 18 Jun 2026 09:10:04 GMT', 'Content-Type': 'text/html; charset=utf-8', 'Transfer-Encoding': 'chunked', 'Connection': 'keep-alive', 'CF-Ray': 'a0d928a6ec2fe260-ORD', 'CF-Cache-Status': 'DYNAMIC', 'set-cookie': '__cf_bm=ZHMkl._izDjH0HIq1QP88OmmKFYqTqJfYAKqfg_1eMk-1781773804.628105-1.0.1.1-AmyKQwREE0Qx.SFUqCmwDszfqkf5b3KoS9jm0EzLXWlZDWZqc2V_mep8XsMEHKbmWHyNceFIHgkYedLqjgb7y1j7kEEypvIUzIvaG9iIuHs8wcAdV4yRTMKXi6z93ogN; HttpOnly; SameSite=None; Secure; Path=/; Domain=preview.emergentagent.com; Expires=Thu, 18 Jun 2026 09:40:04 GMT', 'Access-Control-Allow-Origin': '*', 'Cache-Control': 'no-store, no-cache, must-revalidate', 'X-Robots-Tag': 'noindex, nofollow', 'ETag': 'W/"ba2-kq1TBDrawV8QdjUb+zV4prX55Ak"', 'Server': 'cloudflare', 'Vary': 'Accept-Encoding', 'Via': '1.1 google', 'Access-Control-Max-Age': '300', 'access-control-allow-headers': '*', 'access-control-allow-methods': 'GET, POST, PUT, DELETE, OPTIONS, HEAD, PATCH', 'x-powered-by': 'Express', 'Content-Encoding': 'gzip'}.get
     +          where {'Date': 'Thu, 18 Jun 2026 09:10:04 GMT', 'Content-Type': 'text/html; charset=utf-8', 'Transfer-Encoding': 'chunked', 'Connection': 'keep-alive', 'CF-Ray': 'a0d928a6ec2fe260-ORD', 'CF-Cache-Status': 'DYNAMIC', 'set-cookie': '__cf_bm=ZHMkl._izDjH0HIq1QP88OmmKFYqTqJfYAKqfg_1eMk-1781773804.628105-1.0.1.1-AmyKQwREE0Qx.SFUqCmwDszfqkf5b3KoS9jm0EzLXWlZDWZqc2V_mep8XsMEHKbmWHyNceFIHgkYedLqjgb7y1j7kEEypvIUzIvaG9iIuHs8wcAdV4yRTMKXi6z93ogN; HttpOnly; SameSite=None; Secure; Path=/; Domain=preview.emergentagent.com; Expires=Thu, 18 Jun 2026 09:40:04 GMT', 'Access-Control-Allow-Origin': '*', 'Cache-Control': 'no-store, no-cache, must-revalidate', 'X-Robots-Tag': 'noindex, nofollow', 'ETag': 'W/"ba2-kq1TBDrawV8QdjUb+zV4prX55Ak"', 'Server': 'cloudflare', 'Vary': 'Accept-Encoding', 'Via': '1.1 google', 'Access-Control-Max-Age': '300', 'access-control-allow-headers': '*', 'access-control-allow-methods': 'GET, POST, PUT, DELETE, OPTIONS, HEAD, PATCH', 'x-powered-by': 'Express', 'Content-Encoding': 'gzip'} = &lt;Response [200]&gt;.headers</failure></testcase><testcase classname="backend.tests.test_rama_bazaar.TestUpload" name="test_upload_unsupported" time="0.094" /><testcase classname="backend.tests.test_rama_bazaar.TestSocialPost" name="test_seeded_exhibitor_login" time="0.268" /><testcase classname="backend.tests.test_rama_bazaar.TestSocialPost" name="test_auth_me_has_photo_framing_fields" time="0.311" /><testcase classname="backend.tests.test_rama_bazaar.TestSocialPost" name="test_put_exhibitors_me_persists_framing" time="0.085" /><testcase classname="backend.tests.test_rama_bazaar.TestSocialPost" name="test_social_post_png_3000x3000" time="1.766"><failure message="AssertionError: expected 3000x3000, got (1500, 1500)&#10;assert (1500, 1500) == (3000, 3000)&#10;  &#10;  At index 0 diff: 1500 != 3000&#10;  &#10;  Full diff:&#10;    (&#10;  -     3000,&#10;  ?     ^^...&#10;  &#10;  ...Full output truncated (7 lines hidden), use '-vv' to show">E   AssertionError: expected 3000x3000, got (1500, 1500)
    assert (1500, 1500) == (3000, 3000)
      
      At index 0 diff: 1500 != 3000
      
      Full diff:
        (
      -     3000,
      ?     ^^...
      
      ...Full output truncated (7 lines hidden), use '-vv' to show</failure></testcase><testcase classname="backend.tests.test_rama_bazaar.TestSocialPost" name="test_framing_changes_produce_different_png" time="2.941" /><testcase classname="backend.tests.test_rama_bazaar.TestSocialPost" name="test_profile_photo_url_resolvable" time="0.090" /><testcase classname="backend.tests.test_rama_bazaar.TestDigitalCard" name="test_demo_exhibitor_login" time="0.272" /><testcase classname="backend.tests.test_rama_bazaar.TestDigitalCard" name="test_admin_exhibitors_all_have_slug" time="0.045" /><testcase classname="backend.tests.test_rama_bazaar.TestDigitalCard" name="test_admin_exhibitors_returns_new_fields" time="0.042" /><testcase classname="backend.tests.test_rama_bazaar.TestDigitalCard" name="test_public_card_payload" time="0.043" /><testcase classname="backend.tests.test_rama_bazaar.TestDigitalCard" name="test_public_card_unknown_slug_404" time="0.082" /><testcase classname="backend.tests.test_rama_bazaar.TestDigitalCard" name="test_public_card_hidden_exhibitor_404" time="0.220" /><testcase classname="backend.tests.test_rama_bazaar.TestDigitalCard" name="test_vcard_endpoint" time="0.043" /><testcase classname="backend.tests.test_rama_bazaar.TestDigitalCard" name="test_qr_png" time="0.151" /><testcase classname="backend.tests.test_rama_bazaar.TestDigitalCard" name="test_upload_pdf_accepted" time="0.215" /><testcase classname="backend.tests.test_rama_bazaar.TestDigitalCard" name="test_upload_rejects_doc" time="0.126" /><testcase classname="backend.tests.test_rama_bazaar.TestDigitalCard" name="test_upload_rejects_exe" time="0.093" /><testcase classname="backend.tests.test_rama_bazaar.TestDigitalCard" name="test_put_exhibitors_me_new_fields" time="0.432" /><testcase classname="backend.tests.test_rama_bazaar.TestDigitalCard" name="test_new_registration_assigns_slug" time="1.570" /></testsuite></testsuites>