<?xml version="1.0" encoding="utf-8"?><testsuites name="pytest tests"><testsuite name="pytest" errors="0" failures="1" skipped="0" tests="48" time="6.715" timestamp="2026-05-15T10:39:11.969667+00:00" hostname="agent-env-d56e7444-89a7-416b-87f7-789bb09d0ca3"><testcase classname="backend.tests.test_rama_bazaar.TestAuth" name="test_admin_login_success" time="0.474" /><testcase classname="backend.tests.test_rama_bazaar.TestAuth" name="test_admin_login_invalid" time="0.325" /><testcase classname="backend.tests.test_rama_bazaar.TestAuth" name="test_login_missing_creds" time="0.045" /><testcase classname="backend.tests.test_rama_bazaar.TestAuth" name="test_auth_me_admin" time="0.320" /><testcase classname="backend.tests.test_rama_bazaar.TestAuth" name="test_auth_me_unauthenticated" time="0.045" /><testcase classname="backend.tests.test_rama_bazaar.TestSettings" name="test_public_settings_no_secrets" time="0.045" /><testcase classname="backend.tests.test_rama_bazaar.TestSettings" name="test_admin_settings_get" time="0.047" /><testcase classname="backend.tests.test_rama_bazaar.TestSettings" name="test_admin_settings_update" time="0.139" /><testcase classname="backend.tests.test_rama_bazaar.TestVisitors" name="test_visitor_register" time="0.049" /><testcase classname="backend.tests.test_rama_bazaar.TestVisitors" name="test_visitor_duplicate" time="0.046" /><testcase classname="backend.tests.test_rama_bazaar.TestVisitors" name="test_visitor_retrieve" time="0.048" /><testcase classname="backend.tests.test_rama_bazaar.TestVisitors" name="test_visitor_retrieve_not_found" time="0.046" /><testcase classname="backend.tests.test_rama_bazaar.TestVisitors" name="test_visitor_qr_png_size" time="0.127"><failure message="AssertionError: QR PNG too small for WhatsApp: 9836 bytes&#10;assert 9836 &gt; 20000">backend/tests/test_rama_bazaar.py:155: in test_visitor_qr_png_size
    assert size &gt; 20_000, f"QR PNG too small for WhatsApp: {size} bytes"
E   AssertionError: QR PNG too small for WhatsApp: 9836 bytes
E   assert 9836 &gt; 20000</failure></testcase><testcase classname="backend.tests.test_rama_bazaar.TestVisitors" name="test_visitor_register_invalid_mobile" time="0.044" /><testcase classname="backend.tests.test_rama_bazaar.TestMembers" name="test_add_member" time="0.046" /><testcase classname="backend.tests.test_rama_bazaar.TestMembers" name="test_member_requires_admin" time="0.043" /><testcase classname="backend.tests.test_rama_bazaar.TestMembers" name="test_list_members" time="0.045" /><testcase classname="backend.tests.test_rama_bazaar.TestMembers" name="test_bulk_upload" time="0.151" /><testcase classname="backend.tests.test_rama_bazaar.TestExhibitors" name="test_check_eligibility_ineligible" time="0.047" /><testcase classname="backend.tests.test_rama_bazaar.TestExhibitors" name="test_check_eligibility_invalid" time="0.043" /><testcase classname="backend.tests.test_rama_bazaar.TestExhibitors" name="test_check_eligibility_allowed" time="0.051" /><testcase classname="backend.tests.test_rama_bazaar.TestExhibitors" name="test_exhibitor_register" time="0.267" /><testcase classname="backend.tests.test_rama_bazaar.TestExhibitors" name="test_exhibitor_duplicate_registration" time="0.044" /><testcase classname="backend.tests.test_rama_bazaar.TestExhibitors" name="test_exhibitor_login" time="0.271" /><testcase classname="backend.tests.test_rama_bazaar.TestExhibitors" name="test_exhibitor_login_wrong_password" time="0.266" /><testcase classname="backend.tests.test_rama_bazaar.TestExhibitors" name="test_exhibitor_me_update" time="0.045" /><testcase classname="backend.tests.test_rama_bazaar.TestExhibitors" name="test_admin_approve_exhibitor" time="0.046" /><testcase classname="backend.tests.test_rama_bazaar.TestExhibitors" name="test_admin_reset_exhibitor_password" time="0.538" /><testcase classname="backend.tests.test_rama_bazaar.TestRoster" name="test_roster_returns_approved_only" time="0.047" /><testcase classname="backend.tests.test_rama_bazaar.TestRoster" name="test_roster_categories" time="0.045" /><testcase classname="backend.tests.test_rama_bazaar.TestRoster" name="test_roster_sponsors" time="0.046" /><testcase classname="backend.tests.test_rama_bazaar.TestSponsorAds" name="test_create_ad" time="0.049" /><testcase classname="backend.tests.test_rama_bazaar.TestSponsorAds" name="test_impression" time="0.048" /><testcase classname="backend.tests.test_rama_bazaar.TestSponsorAds" name="test_click" time="0.044" /><testcase classname="backend.tests.test_rama_bazaar.TestSponsorAds" name="test_update_ad" time="0.047" /><testcase classname="backend.tests.test_rama_bazaar.TestSponsorAds" name="test_admin_list_ads" time="0.043" /><testcase classname="backend.tests.test_rama_bazaar.TestSponsorAds" name="test_delete_ad" time="0.048" /><testcase classname="backend.tests.test_rama_bazaar.TestAttendance" name="test_attendance_requires_admin" time="0.043" /><testcase classname="backend.tests.test_rama_bazaar.TestAttendance" name="test_attendance_scan" time="0.090" /><testcase classname="backend.tests.test_rama_bazaar.TestAttendance" name="test_attendance_scan_invalid" time="0.043" /><testcase classname="backend.tests.test_rama_bazaar.TestAttendance" name="test_attendance_manual" time="0.089" /><testcase classname="backend.tests.test_rama_bazaar.TestAttendance" name="test_attendance_stats" time="0.046" /><testcase classname="backend.tests.test_rama_bazaar.TestAdminMisc" name="test_admin_stats" time="0.046" /><testcase classname="backend.tests.test_rama_bazaar.TestAdminMisc" name="test_export_visitors_csv" time="0.133" /><testcase classname="backend.tests.test_rama_bazaar.TestAdminMisc" name="test_export_requires_admin" time="0.099" /><testcase classname="backend.tests.test_rama_bazaar.TestAdminMisc" name="test_admin_list_visitors" time="0.047" /><testcase classname="backend.tests.test_rama_bazaar.TestUpload" name="test_upload_png" time="0.220" /><testcase classname="backend.tests.test_rama_bazaar.TestUpload" name="test_upload_unsupported" time="1.417" /></testsuite></testsuites>